<?xml version="1.0" encoding="UTF-8"?>
<!-- Generated by org.testng.reporters.JUnitReportReporter -->
<testsuite hostname="LIN59019115" failures="0" tests="1" name="TestNGExamples.AnnoationsTestNG" time="44.684" errors="0" timestamp="2022-01-21T11:34:51 IST" skipped="0">
  <testcase classname="TestNGExamples.AnnoationsTestNG" name="testcurrenturl" time="44.684"/>
  <system-out/>
</testsuite> <!-- TestNGExamples.AnnoationsTestNG -->
